[thewebmax.org/dronza/index.html]
[thewebmax.org/dronza/images/favicon.ico]
[thewebmax.org/dronza/images/favicon.png]
[backblue.gif]
[fade.gif]
[index.html]
[thewebmax.org/dronza/css/bootstrap.min.css]
[thewebmax.org/dronza/css/fontawesome/css/font-awesome.min.css]
[thewebmax.org/dronza/css/owl.carousel.min.css]
[thewebmax.org/dronza/css/slick.css]
[thewebmax.org/dronza/css/slick-theme.css]
[thewebmax.org/dronza/css/bootstrap-select.min.css]
[thewebmax.org/dronza/css/magnific-popup.min.css]
[thewebmax.org/dronza/css/loader.min.css]
[thewebmax.org/dronza/css/style.css]
[thewebmax.org/dronza/css/flaticon.min.css]
[thewebmax.org/dronza/css/skin/skin-1.css]
[thewebmax.org/dronza/css/switcher.css]
[thewebmax.org/dronza/plugins/revolution/revolution/css/settings.css]
[thewebmax.org/dronza/plugins/revolution/revolution/css/navigation.css]
[thewebmax.org/dronza/images/logo-white.png]
[thewebmax.org/dronza/index-2.html]
[thewebmax.org/dronza/index-3.html]
[thewebmax.org/dronza/index-4.html]
[thewebmax.org/dronza/about-1.html]
[thewebmax.org/dronza/about-2.html]
[thewebmax.org/dronza/services-1.html]
[thewebmax.org/dronza/services-2.html]
[thewebmax.org/dronza/service-detail.html]
[thewebmax.org/dronza/gallery-grid.html]
[thewebmax.org/dronza/gallery-masonry.html]
[thewebmax.org/dronza/gallery-carousel.html]
[thewebmax.org/dronza/gallery-detail.html]
[thewebmax.org/dronza/icon-font.html]
[thewebmax.org/dronza/team.html]
[thewebmax.org/dronza/team-single.html]
[thewebmax.org/dronza/Faq.html]
[thewebmax.org/dronza/error-404.html]
[thewebmax.org/dronza/contact-1.html]
[thewebmax.org/dronza/product.html]
[thewebmax.org/dronza/product-detail.html]
[thewebmax.org/dronza/shopping-cart.html]
[thewebmax.org/dronza/checkout.html]
[thewebmax.org/dronza/wish-list.html]
[thewebmax.org/dronza/blog-grid.html]
[thewebmax.org/dronza/blog-list-sidebar.html]
[thewebmax.org/dronza/blog-post-right-sidebar.html]
[thewebmax.org/dronza/images/main-slider/slider1/slide1.jpg]
[thewebmax.org/dronza/images/main-slider/slider1/drone/d-1.png]
[thewebmax.org/dronza/images/main-slider/slider1/slide2.jpg]
[thewebmax.org/dronza/images/main-slider/slider1/drone/d-2.png]
[thewebmax.org/dronza/images/how-it-work/drone-1.png]
[thewebmax.org/dronza/images/about-drone/Untitled-1.png]
[thewebmax.org/dronza/images/background/bg-1.jpg]
[thewebmax.org/dronza/images/background/bg-9.jpg]
[thewebmax.org/dronza/images/products/landscap-2/1.png]
[thewebmax.org/dronza/images/products/landscap-2/2.png]
[thewebmax.org/dronza/images/products/landscap-2/3.png]
[thewebmax.org/dronza/images/gallery/portrait/pic1.jpg]
[thewebmax.org/dronza/images/gallery/portrait/pic2.jpg]
[thewebmax.org/dronza/images/gallery/portrait/pic3.jpg]
[thewebmax.org/dronza/images/gallery/portrait/pic4.jpg]
[thewebmax.org/dronza/images/team/pic1.jpg]
[thewebmax.org/dronza/images/team/pic2.jpg]
[thewebmax.org/dronza/images/team/pic3.jpg]
[thewebmax.org/dronza/images/background/bg-2.jpg]
[thewebmax.org/dronza/images/d-testimonial.png]
[thewebmax.org/dronza/images/testimonials/pic1.jpg]
[thewebmax.org/dronza/images/testimonials/pic2.jpg]
[thewebmax.org/dronza/images/testimonials/pic3.jpg]
[thewebmax.org/dronza/images/testimonials/pic4.jpg]
[thewebmax.org/dronza/images/client-logo/w1.png]
[thewebmax.org/dronza/images/client-logo/w2.png]
[thewebmax.org/dronza/images/client-logo/w3.png]
[thewebmax.org/dronza/images/client-logo/w4.png]
[thewebmax.org/dronza/images/client-logo/w5.png]
[thewebmax.org/dronza/images/client-logo/w6.png]
[thewebmax.org/dronza/our-prices.html]
[thewebmax.org/dronza/images/blog/recent-blog/pic1.jpg]
[thewebmax.org/dronza/images/blog/recent-blog/pic2.jpg]
[thewebmax.org/dronza/images/logo-light.png]
[thewebmax.org/dronza/js/jquery-2.2.0.min.js]
[thewebmax.org/dronza/js/popper.min.js]
[thewebmax.org/dronza/js/bootstrap.min.js]
[thewebmax.org/dronza/js/bootstrap-select.min.js]
[thewebmax.org/dronza/js/magnific-popup.min.js]
[thewebmax.org/dronza/js/waypoints.min.js]
[thewebmax.org/dronza/js/counterup.min.js]
[thewebmax.org/dronza/js/waypoints-sticky.min.js]
[thewebmax.org/dronza/js/isotope.pkgd.min.js]
[thewebmax.org/dronza/js/owl.carousel.min.js]
[thewebmax.org/dronza/js/stellar.min.js]
[thewebmax.org/dronza/js/theia-sticky-sidebar.js]
[thewebmax.org/dronza/js/jquery.bootstrap-touchspin.js]
[thewebmax.org/dronza/js/custom.js]
[thewebmax.org/dronza/js/jquery.bgscroll.js]
[thewebmax.org/dronza/js/slick.js]
[thewebmax.org/dronza/js/jquery-ui.js]
[thewebmax.org/dronza/js/switcher.js]
[thewebmax.org/dronza/indexa39b.html]
[thewebmax.org/dronza/index61e7.html]
[thewebmax.org/dronza/indexcce5.html]
[thewebmax.org/dronza/index13f7.html]
[thewebmax.org/dronza/index19a6.html]
[thewebmax.org/dronza/indexfe5c.html]
[thewebmax.org/dronza/indexab47.html]
[thewebmax.org/dronza/index5f8d.html]
[thewebmax.org/dronza/index5663.html]
[thewebmax.org/dronza/index28ac.html]
[thewebmax.org/dronza/index26b8.html]
[thewebmax.org/dronza/index7f4c.html]
[thewebmax.org/dronza/plugins/revolution/revolution/js/jquery.themepunch.tools.min.js]
[thewebmax.org/dronza/plugins/revolution/revolution/js/jquery.themepunch.revolution.min.js]
[thewebmax.org/dronza/plugins/revolution/revolution/js/extensions/revolution-plugin.js]
[thewebmax.org/dronza/index.html]
[thewebmax.org/dronza/js/rev-script-1.js]
[thewebmax.org/dronza/images/favicon.html]
[thewebmax.org/dronza/css/bootstrap.min.css]
[thewebmax.org/dronza/css/fontawesome/fonts/fontawesome-webfont3e6e.eot]
[thewebmax.org/dronza/css/fontawesome/fonts/fontawesome-webfontd41d.eot]
[thewebmax.org/dronza/css/fontawesome/fonts/fontawesome-webfont3e6e.woff2]
[thewebmax.org/dronza/css/fontawesome/fonts/fontawesome-webfont3e6e.woff]
[thewebmax.org/dronza/css/fontawesome/fonts/fontawesome-webfont3e6e.ttf]
[thewebmax.org/dronza/css/fontawesome/css/font-awesome.min.css]
[thewebmax.org/dronza/css/fontawesome/fonts/fontawesome-webfont3e6e.svg]
[thewebmax.org/dronza/css/owl.video.play.png]
[thewebmax.org/dronza/css/owl.carousel.min.css]
[thewebmax.org/dronza/css/slick.css]
[thewebmax.org/dronza/css/ajax-loader.gif]
[thewebmax.org/dronza/css/fonts/slick.eot]
[thewebmax.org/dronza/css/fonts/slickd41d.eot]
[thewebmax.org/dronza/css/fonts/slick.woff]
[thewebmax.org/dronza/css/fonts/slick.ttf]
[thewebmax.org/dronza/css/fonts/slick.svg]
[thewebmax.org/dronza/css/slick-theme.css]
[thewebmax.org/dronza/css/bootstrap-select.min.css]
[thewebmax.org/dronza/css/magnific-popup.min.css]
[thewebmax.org/dronza/css/loader.min.css]
[thewebmax.org/dronza/css/skin/skin-2.css]
[thewebmax.org/dronza/css/skin/skin-3.css]
[thewebmax.org/dronza/css/skin/skin-4.css]
[thewebmax.org/dronza/css/skin/skin-5.css]
[thewebmax.org/dronza/css/skin/skin-6.css]
[thewebmax.org/dronza/css/skin/skin-7.css]
[thewebmax.org/dronza/css/skin/skin-8.css]
[thewebmax.org/dronza/css/skin/skin-9.css]
[thewebmax.org/dronza/css/skin/skin-10.css]
[thewebmax.org/dronza/css/skin/skin-11.css]
[thewebmax.org/dronza/css/skin/skin-12.css]
[thewebmax.org/dronza/images/about-drone/dot-pattern.png]
[thewebmax.org/dronza/css/style.css]
[thewebmax.org/dronza/fonts/Flaticon.eot]
[thewebmax.org/dronza/fonts/Flaticond41d.eot]
[thewebmax.org/dronza/fonts/Flaticon.woff]
[thewebmax.org/dronza/fonts/Flaticon.ttf]
[thewebmax.org/dronza/css/flaticon.min.css]
[thewebmax.org/dronza/fonts/Flaticon.svg]
[thewebmax.org/dronza/images/main-slider/slider1/slide1-1.jpg]
[thewebmax.org/dronza/css/skin/skin-1.css]
[thewebmax.org/dronza/css/switcher.css]
[thewebmax.org/dronza/plugins/revolution/revolution/fonts/revicons/revicons90c6.eot]
[thewebmax.org/dronza/plugins/revolution/revolution/fonts/revicons/revicons90c6.woff]
[thewebmax.org/dronza/plugins/revolution/revolution/fonts/revicons/revicons90c6.ttf]
[thewebmax.org/dronza/plugins/revolution/revolution/fonts/revicons/revicons90c6.svg]
[thewebmax.org/dronza/plugins/revolution/revolution/css/openhand.cur]
[thewebmax.org/dronza/plugins/revolution/revolution/css/closedhand.cur]
[thewebmax.org/dronza/plugins/revolution/revolution/assets/gridtile.png]
[thewebmax.org/dronza/plugins/revolution/revolution/assets/gridtile_white.png]
[thewebmax.org/dronza/plugins/revolution/revolution/assets/gridtile_3x3.png]
[thewebmax.org/dronza/plugins/revolution/revolution/assets/gridtile_3x3_white.png]
[thewebmax.org/dronza/plugins/revolution/revolution/assets/coloredbg.png]
[thewebmax.org/dronza/plugins/revolution/revolution/assets/loader.gif]
[thewebmax.org/dronza/plugins/revolution/revolution/css/settings.css]
[thewebmax.org/dronza/plugins/revolution/revolution/css/navigation.css]
[thewebmax.org/dronza/images/logo-bg-dark.png]
[thewebmax.org/dronza/images/main-slider/slider3/slide1.jpg]
[thewebmax.org/dronza/images/main-slider/slider3/d-1.png]
[thewebmax.org/dronza/images/main-slider/slider3/slide2.jpg]
[thewebmax.org/dronza/images/main-slider/slider3/d-2.png]
[thewebmax.org/dronza/images/main-slider/slider3/slide3.jpg]
[thewebmax.org/dronza/images/main-slider/slider3/d-3.png]
[thewebmax.org/dronza/images/about-drone/bg-1.jpg]
[thewebmax.org/dronza/images/how-it-work/drone-2.png]
[thewebmax.org/dronza/images/gallery/landscape/pic1.jpg]
[thewebmax.org/dronza/images/gallery/landscape/pic2.jpg]
[thewebmax.org/dronza/images/gallery/landscape/pic3.jpg]
[thewebmax.org/dronza/images/gallery/landscape/pic4.jpg]
[thewebmax.org/dronza/images/gallery/landscape/pic5.jpg]
[thewebmax.org/dronza/images/video-2.jpg]
[thewebmax.org/dronza/images/blog/large/bg1.jpg]
[thewebmax.org/dronza/index-2a39b.html]
[thewebmax.org/dronza/index-261e7.html]
[thewebmax.org/dronza/index-2cce5.html]
[thewebmax.org/dronza/index-213f7.html]
[thewebmax.org/dronza/index-219a6.html]
[thewebmax.org/dronza/index-2fe5c.html]
[thewebmax.org/dronza/index-2ab47.html]
[thewebmax.org/dronza/index-25f8d.html]
[thewebmax.org/dronza/index-25663.html]
[thewebmax.org/dronza/index-228ac.html]
[thewebmax.org/dronza/index-226b8.html]
[thewebmax.org/dronza/index-27f4c.html]
[thewebmax.org/dronza/index-2.html]
[thewebmax.org/dronza/js/rev-script-3.js]
[thewebmax.org/dronza/images/logo-dark.png]
[thewebmax.org/dronza/images/main-slider/slider2/slide1.jpg]
[thewebmax.org/dronza/images/main-slider/slider2/d-1.png]
[thewebmax.org/dronza/images/main-slider/slider2/slide2.jpg]
[thewebmax.org/dronza/images/main-slider/slider2/d-3.png]
[thewebmax.org/dronza/images/main-slider/slider2/slide3.jpg]
[thewebmax.org/dronza/images/main-slider/slider2/d-2.png]
[thewebmax.org/dronza/images/background/bg-3.jpg]
[thewebmax.org/dronza/images/video/media1.jpg]
[thewebmax.org/dronza/images/products/landscap/1.jpg]
[thewebmax.org/dronza/images/products/landscap/2.jpg]
[thewebmax.org/dronza/images/products/landscap/3.jpg]
[thewebmax.org/dronza/images/products/landscap/4.jpg]
[thewebmax.org/dronza/images/products/landscap/5.jpg]
[thewebmax.org/dronza/images/blog/default/thumb/1.jpg]
[thewebmax.org/dronza/images/blog/default/thumb/2.jpg]
[thewebmax.org/dronza/images/blog/default/thumb/3.jpg]
[thewebmax.org/dronza/images/d2-testimonial.png]
[thewebmax.org/dronza/index-3a39b.html]
[thewebmax.org/dronza/index-361e7.html]
[thewebmax.org/dronza/index-3cce5.html]
[thewebmax.org/dronza/index-313f7.html]
[thewebmax.org/dronza/index-319a6.html]
[thewebmax.org/dronza/index-3fe5c.html]
[thewebmax.org/dronza/index-3ab47.html]
[thewebmax.org/dronza/index-35f8d.html]
[thewebmax.org/dronza/index-35663.html]
[thewebmax.org/dronza/index-328ac.html]
[thewebmax.org/dronza/index-326b8.html]
[thewebmax.org/dronza/index-37f4c.html]
[thewebmax.org/dronza/js/rev-script-2.js]
[thewebmax.org/dronza/index-3.html]
[thewebmax.org/dronza/media/images/video1.jpg]
[thewebmax.org/dronza/images/service/pic1.jpg]
[thewebmax.org/dronza/images/service/pic2.jpg]
[thewebmax.org/dronza/images/service/pic3.jpg]
[thewebmax.org/dronza/images/service/pic4.jpg]
[thewebmax.org/dronza/images/service/pic5.jpg]
[thewebmax.org/dronza/images/service/pic6.jpg]
[thewebmax.org/dronza/index-4a39b.html]
[thewebmax.org/dronza/index-461e7.html]
[thewebmax.org/dronza/index-4cce5.html]
[thewebmax.org/dronza/index-413f7.html]
[thewebmax.org/dronza/index-419a6.html]
[thewebmax.org/dronza/index-4fe5c.html]
[thewebmax.org/dronza/index-4ab47.html]
[thewebmax.org/dronza/index-45f8d.html]
[thewebmax.org/dronza/index-45663.html]
[thewebmax.org/dronza/index-428ac.html]
[thewebmax.org/dronza/index-426b8.html]
[thewebmax.org/dronza/index-47f4c.html]
[thewebmax.org/dronza/index-4.html]
[thewebmax.org/dronza/js/rev-script-4.js]
[thewebmax.org/dronza/images/banner/3.jpg]
[thewebmax.org/dronza/about-1a39b.html]
[thewebmax.org/dronza/about-161e7.html]
[thewebmax.org/dronza/about-1cce5.html]
[thewebmax.org/dronza/about-113f7.html]
[thewebmax.org/dronza/about-119a6.html]
[thewebmax.org/dronza/about-1fe5c.html]
[thewebmax.org/dronza/about-1ab47.html]
[thewebmax.org/dronza/about-15f8d.html]
[thewebmax.org/dronza/about-15663.html]
[thewebmax.org/dronza/about-128ac.html]
[thewebmax.org/dronza/about-126b8.html]
[thewebmax.org/dronza/about-1.html]
[thewebmax.org/dronza/about-17f4c.html]
[thewebmax.org/dronza/images/banner/1.jpg]
[thewebmax.org/dronza/images/background/bg-2-1.jpg]
[thewebmax.org/dronza/about-2a39b.html]
[thewebmax.org/dronza/about-261e7.html]
[thewebmax.org/dronza/about-2cce5.html]
[thewebmax.org/dronza/about-213f7.html]
[thewebmax.org/dronza/about-219a6.html]
[thewebmax.org/dronza/about-2fe5c.html]
[thewebmax.org/dronza/about-2ab47.html]
[thewebmax.org/dronza/about-25f8d.html]
[thewebmax.org/dronza/about-25663.html]
[thewebmax.org/dronza/about-228ac.html]
[thewebmax.org/dronza/about-226b8.html]
[thewebmax.org/dronza/about-2.html]
[thewebmax.org/dronza/about-27f4c.html]
[thewebmax.org/dronza/images/banner/2.jpg]
[thewebmax.org/dronza/images/background/bg-7.jpg]
[thewebmax.org/dronza/images/background/bg3.jpg]
[thewebmax.org/dronza/services-1a39b.html]
[thewebmax.org/dronza/services-161e7.html]
[thewebmax.org/dronza/services-1cce5.html]
[thewebmax.org/dronza/services-113f7.html]
[thewebmax.org/dronza/services-119a6.html]
[thewebmax.org/dronza/services-1fe5c.html]
[thewebmax.org/dronza/services-1ab47.html]
[thewebmax.org/dronza/services-15f8d.html]
[thewebmax.org/dronza/services-15663.html]
[thewebmax.org/dronza/services-128ac.html]
[thewebmax.org/dronza/services-126b8.html]
[thewebmax.org/dronza/services-1.html]
[thewebmax.org/dronza/services-17f4c.html]
[thewebmax.org/dronza/images/service/large/pic1.jpg]
[thewebmax.org/dronza/images/service/large/pic2.jpg]
[thewebmax.org/dronza/images/service/large/pic3.jpg]
[thewebmax.org/dronza/images/service/large/pic4.jpg]
[thewebmax.org/dronza/images/service/large/pic5.jpg]
[thewebmax.org/dronza/images/service/large/pic6.jpg]
[thewebmax.org/dronza/services-2a39b.html]
[thewebmax.org/dronza/services-261e7.html]
[thewebmax.org/dronza/services-2cce5.html]
[thewebmax.org/dronza/services-213f7.html]
[thewebmax.org/dronza/services-219a6.html]
[thewebmax.org/dronza/services-2fe5c.html]
[thewebmax.org/dronza/services-2ab47.html]
[thewebmax.org/dronza/services-25f8d.html]
[thewebmax.org/dronza/services-25663.html]
[thewebmax.org/dronza/services-228ac.html]
[thewebmax.org/dronza/services-226b8.html]
[thewebmax.org/dronza/services-2.html]
[thewebmax.org/dronza/services-27f4c.html]
[thewebmax.org/dronza/images/service/large-slider/pic1.jpg]
[thewebmax.org/dronza/images/service/large-slider/pic2.jpg]
[thewebmax.org/dronza/images/service/large-slider/pic3.jpg]
[thewebmax.org/dronza/images/service/large-slider/pic4.jpg]
[thewebmax.org/dronza/service-detaila39b.html]
[thewebmax.org/dronza/service-detail61e7.html]
[thewebmax.org/dronza/service-detailcce5.html]
[thewebmax.org/dronza/service-detail13f7.html]
[thewebmax.org/dronza/service-detail19a6.html]
[thewebmax.org/dronza/service-detailfe5c.html]
[thewebmax.org/dronza/service-detailab47.html]
[thewebmax.org/dronza/service-detail5f8d.html]
[thewebmax.org/dronza/service-detail5663.html]
[thewebmax.org/dronza/service-detail28ac.html]
[thewebmax.org/dronza/service-detail26b8.html]
[thewebmax.org/dronza/service-detail.html]
[thewebmax.org/dronza/service-detail7f4c.html]
[thewebmax.org/dronza/images/banner/5.jpg]
[thewebmax.org/dronza/images/gallery/inner-gallery/pic1.jpg]
[thewebmax.org/dronza/images/gallery/inner-gallery/pic2.jpg]
[thewebmax.org/dronza/images/gallery/inner-gallery/pic3.jpg]
[thewebmax.org/dronza/images/gallery/inner-gallery/pic4.jpg]
[thewebmax.org/dronza/images/gallery/inner-gallery/pic5.jpg]
[thewebmax.org/dronza/images/gallery/inner-gallery/pic6.jpg]
[thewebmax.org/dronza/images/gallery/inner-gallery/pic7.jpg]
[thewebmax.org/dronza/images/gallery/inner-gallery/pic8.jpg]
[thewebmax.org/dronza/images/gallery/inner-gallery/pic9.jpg]
[thewebmax.org/dronza/images/gallery/inner-gallery/pic10.jpg]
[thewebmax.org/dronza/images/gallery/inner-gallery/pic11.jpg]
[thewebmax.org/dronza/images/gallery/inner-gallery/pic12.jpg]
[thewebmax.org/dronza/gallery-grida39b.html]
[thewebmax.org/dronza/gallery-grid61e7.html]
[thewebmax.org/dronza/gallery-gridcce5.html]
[thewebmax.org/dronza/gallery-grid13f7.html]
[thewebmax.org/dronza/gallery-grid19a6.html]
[thewebmax.org/dronza/gallery-gridfe5c.html]
[thewebmax.org/dronza/gallery-gridab47.html]
[thewebmax.org/dronza/gallery-grid5f8d.html]
[thewebmax.org/dronza/gallery-grid5663.html]
[thewebmax.org/dronza/gallery-grid28ac.html]
[thewebmax.org/dronza/gallery-grid26b8.html]
[thewebmax.org/dronza/gallery-grid.html]
[thewebmax.org/dronza/gallery-grid7f4c.html]
[thewebmax.org/dronza/images/banner/8.jpg]
[thewebmax.org/dronza/images/gallery/pic1.jpg]
[thewebmax.org/dronza/images/gallery/pic2.jpg]
[thewebmax.org/dronza/images/gallery/pic3.jpg]
[thewebmax.org/dronza/images/gallery/pic4.jpg]
[thewebmax.org/dronza/images/gallery/pic5.jpg]
[thewebmax.org/dronza/images/gallery/pic6.jpg]
[thewebmax.org/dronza/gallery-masonrya39b.html]
[thewebmax.org/dronza/gallery-masonry61e7.html]
[thewebmax.org/dronza/gallery-masonrycce5.html]
[thewebmax.org/dronza/gallery-masonry13f7.html]
[thewebmax.org/dronza/gallery-masonry19a6.html]
[thewebmax.org/dronza/gallery-masonryfe5c.html]
[thewebmax.org/dronza/gallery-masonryab47.html]
[thewebmax.org/dronza/gallery-masonry5f8d.html]
[thewebmax.org/dronza/gallery-masonry5663.html]
[thewebmax.org/dronza/gallery-masonry28ac.html]
[thewebmax.org/dronza/gallery-masonry26b8.html]
[thewebmax.org/dronza/gallery-masonry.html]
[thewebmax.org/dronza/gallery-masonry7f4c.html]
[thewebmax.org/dronza/project-detail.html]
[thewebmax.org/dronza/gallery-carousela39b.html]
[thewebmax.org/dronza/gallery-carousel61e7.html]
[thewebmax.org/dronza/gallery-carouselcce5.html]
[thewebmax.org/dronza/gallery-carousel13f7.html]
[thewebmax.org/dronza/gallery-carousel19a6.html]
[thewebmax.org/dronza/gallery-carouselfe5c.html]
[thewebmax.org/dronza/gallery-carouselab47.html]
[thewebmax.org/dronza/gallery-carousel5f8d.html]
[thewebmax.org/dronza/gallery-carousel5663.html]
[thewebmax.org/dronza/gallery-carousel28ac.html]
[thewebmax.org/dronza/gallery-carousel26b8.html]
[thewebmax.org/dronza/gallery-carousel.html]
[thewebmax.org/dronza/gallery-carousel7f4c.html]
[thewebmax.org/dronza/gallery-detaila39b.html]
[thewebmax.org/dronza/gallery-detail61e7.html]
[thewebmax.org/dronza/gallery-detailcce5.html]
[thewebmax.org/dronza/gallery-detail13f7.html]
[thewebmax.org/dronza/gallery-detail19a6.html]
[thewebmax.org/dronza/gallery-detailfe5c.html]
[thewebmax.org/dronza/gallery-detailab47.html]
[thewebmax.org/dronza/gallery-detail5f8d.html]
[thewebmax.org/dronza/gallery-detail5663.html]
[thewebmax.org/dronza/gallery-detail28ac.html]
[thewebmax.org/dronza/gallery-detail26b8.html]
[thewebmax.org/dronza/gallery-detail.html]
[thewebmax.org/dronza/gallery-detail7f4c.html]
[thewebmax.org/dronza/icon-fonta39b.html]
[thewebmax.org/dronza/icon-font61e7.html]
[thewebmax.org/dronza/icon-fontcce5.html]
[thewebmax.org/dronza/icon-font13f7.html]
[thewebmax.org/dronza/icon-font19a6.html]
[thewebmax.org/dronza/icon-fontfe5c.html]
[thewebmax.org/dronza/icon-fontab47.html]
[thewebmax.org/dronza/icon-font5f8d.html]
[thewebmax.org/dronza/icon-font5663.html]
[thewebmax.org/dronza/icon-font28ac.html]
[thewebmax.org/dronza/icon-font26b8.html]
[thewebmax.org/dronza/icon-font7f4c.html]
[thewebmax.org/dronza/icon-font.html]
[thewebmax.org/dronza/images/banner/7.jpg]
[thewebmax.org/dronza/images/background/bg-map2.189.delayed]
[thewebmax.org/dronza/images/background/bg-map.png]
[thewebmax.org/dronza/teama39b.html]
[thewebmax.org/dronza/team61e7.html]
[thewebmax.org/dronza/teamcce5.html]
[thewebmax.org/dronza/team13f7.html]
[thewebmax.org/dronza/team19a6.html]
[thewebmax.org/dronza/teamfe5c.html]
[thewebmax.org/dronza/teamab47.html]
[thewebmax.org/dronza/team5f8d.html]
[thewebmax.org/dronza/team5663.html]
[thewebmax.org/dronza/team28ac.html]
[thewebmax.org/dronza/team26b8.html]
[thewebmax.org/dronza/team.html]
[thewebmax.org/dronza/team7f4c.html]
[thewebmax.org/dronza/team-singlea39b.html]
[thewebmax.org/dronza/team-single61e7.html]
[thewebmax.org/dronza/team-singlecce5.html]
[thewebmax.org/dronza/team-single13f7.html]
[thewebmax.org/dronza/team-single19a6.html]
[thewebmax.org/dronza/team-singlefe5c.html]
[thewebmax.org/dronza/team-singleab47.html]
[thewebmax.org/dronza/team-single5f8d.html]
[thewebmax.org/dronza/team-single5663.html]
[thewebmax.org/dronza/team-single28ac.html]
[thewebmax.org/dronza/team-single26b8.html]
[thewebmax.org/dronza/team-single.html]
[thewebmax.org/dronza/team-single7f4c.html]
[thewebmax.org/dronza/Faqa39b.html]
[thewebmax.org/dronza/Faq61e7.html]
[thewebmax.org/dronza/Faqcce5.html]
[thewebmax.org/dronza/Faq13f7.html]
[thewebmax.org/dronza/Faq19a6.html]
[thewebmax.org/dronza/Faqfe5c.html]
[thewebmax.org/dronza/Faqab47.html]
[thewebmax.org/dronza/Faq5f8d.html]
[thewebmax.org/dronza/Faq5663.html]
[thewebmax.org/dronza/Faq28ac.html]
[thewebmax.org/dronza/Faq26b8.html]
[thewebmax.org/dronza/Faq.html]
[thewebmax.org/dronza/Faq7f4c.html]
[thewebmax.org/dronza/error-404a39b.html]
[thewebmax.org/dronza/error-40461e7.html]
[thewebmax.org/dronza/error-404cce5.html]
[thewebmax.org/dronza/error-40413f7.html]
[thewebmax.org/dronza/error-40419a6.html]
[thewebmax.org/dronza/error-404fe5c.html]
[thewebmax.org/dronza/error-404ab47.html]
[thewebmax.org/dronza/error-4045f8d.html]
[thewebmax.org/dronza/error-4045663.html]
[thewebmax.org/dronza/error-40428ac.html]
[thewebmax.org/dronza/error-40426b8.html]
[thewebmax.org/dronza/error-404.html]
[thewebmax.org/dronza/error-4047f4c.html]
[thewebmax.org/dronza/js/map.script.js]
[thewebmax.org/dronza/contact-1a39b.html]
[thewebmax.org/dronza/contact-161e7.html]
[thewebmax.org/dronza/contact-1cce5.html]
[thewebmax.org/dronza/contact-113f7.html]
[thewebmax.org/dronza/contact-119a6.html]
[thewebmax.org/dronza/contact-1fe5c.html]
[thewebmax.org/dronza/contact-1ab47.html]
[thewebmax.org/dronza/contact-15f8d.html]
[thewebmax.org/dronza/contact-15663.html]
[thewebmax.org/dronza/contact-128ac.html]
[thewebmax.org/dronza/contact-126b8.html]
[thewebmax.org/dronza/contact-1.html]
[thewebmax.org/dronza/contact-17f4c.html]
[thewebmax.org/dronza/images/products/pic-1.jpg]
[thewebmax.org/dronza/images/products/pic-2.jpg]
[thewebmax.org/dronza/images/products/pic-3.jpg]
[thewebmax.org/dronza/images/products/pic-4.jpg]
[thewebmax.org/dronza/images/products/pic-5.jpg]
[thewebmax.org/dronza/images/products/pic-6.jpg]
[thewebmax.org/dronza/images/products/pic-7.jpg]
[thewebmax.org/dronza/images/products/pic-8.jpg]
[thewebmax.org/dronza/images/products/pic-9.jpg]
[thewebmax.org/dronza/images/products/product-widget/pic1.png]
[thewebmax.org/dronza/images/products/product-widget/pic2.png]
[thewebmax.org/dronza/images/products/product-widget/pic3.png]
[thewebmax.org/dronza/producta39b.html]
[thewebmax.org/dronza/product61e7.html]
[thewebmax.org/dronza/productcce5.html]
[thewebmax.org/dronza/product13f7.html]
[thewebmax.org/dronza/product19a6.html]
[thewebmax.org/dronza/productfe5c.html]
[thewebmax.org/dronza/productab47.html]
[thewebmax.org/dronza/product5f8d.html]
[thewebmax.org/dronza/product5663.html]
[thewebmax.org/dronza/product28ac.html]
[thewebmax.org/dronza/product26b8.html]
[thewebmax.org/dronza/product7f4c.html]
[thewebmax.org/dronza/product.html]
[thewebmax.org/dronza/images/products/thumb/pic1.jpg]
[thewebmax.org/dronza/images/products/thumb/pic2.jpg]
[thewebmax.org/dronza/images/products/thumb/pic3.jpg]
[thewebmax.org/dronza/images/products/thumb/pic4.jpg]
[thewebmax.org/dronza/images/products/thumb/pic5.jpg]
[thewebmax.org/dronza/product-detaila39b.html]
[thewebmax.org/dronza/product-detail61e7.html]
[thewebmax.org/dronza/product-detailcce5.html]
[thewebmax.org/dronza/product-detail13f7.html]
[thewebmax.org/dronza/product-detail19a6.html]
[thewebmax.org/dronza/product-detailfe5c.html]
[thewebmax.org/dronza/product-detailab47.html]
[thewebmax.org/dronza/product-detail5f8d.html]
[thewebmax.org/dronza/product-detail5663.html]
[thewebmax.org/dronza/product-detail28ac.html]
[thewebmax.org/dronza/product-detail26b8.html]
[thewebmax.org/dronza/product-detail.html]
[thewebmax.org/dronza/product-detail7f4c.html]
[thewebmax.org/dronza/images/banner/6.jpg]
[thewebmax.org/dronza/images/cart/thumb/pic2.jpg]
[thewebmax.org/dronza/images/cart/thumb/pic3.jpg]
[thewebmax.org/dronza/shopping-carta39b.html]
[thewebmax.org/dronza/shopping-cart61e7.html]
[thewebmax.org/dronza/shopping-cartcce5.html]
[thewebmax.org/dronza/shopping-cart13f7.html]
[thewebmax.org/dronza/shopping-cart19a6.html]
[thewebmax.org/dronza/shopping-cartfe5c.html]
[thewebmax.org/dronza/shopping-cartab47.html]
[thewebmax.org/dronza/shopping-cart5f8d.html]
[thewebmax.org/dronza/shopping-cart5663.html]
[thewebmax.org/dronza/shopping-cart28ac.html]
[thewebmax.org/dronza/shopping-cart26b8.html]
[thewebmax.org/dronza/shopping-cart7f4c.html]
[thewebmax.org/dronza/shopping-cart.html]
[thewebmax.org/dronza/checkouta39b.html]
[thewebmax.org/dronza/checkout61e7.html]
[thewebmax.org/dronza/checkoutcce5.html]
[thewebmax.org/dronza/checkout13f7.html]
[thewebmax.org/dronza/checkout19a6.html]
[thewebmax.org/dronza/checkoutfe5c.html]
[thewebmax.org/dronza/checkoutab47.html]
[thewebmax.org/dronza/checkout5f8d.html]
[thewebmax.org/dronza/checkout5663.html]
[thewebmax.org/dronza/checkout28ac.html]
[thewebmax.org/dronza/checkout26b8.html]
[thewebmax.org/dronza/checkout.html]
[thewebmax.org/dronza/checkout7f4c.html]
[thewebmax.org/dronza/wish-lista39b.html]
[thewebmax.org/dronza/wish-list61e7.html]
[thewebmax.org/dronza/wish-listcce5.html]
[thewebmax.org/dronza/wish-list13f7.html]
[thewebmax.org/dronza/wish-list19a6.html]
[thewebmax.org/dronza/wish-listfe5c.html]
[thewebmax.org/dronza/wish-listab47.html]
[thewebmax.org/dronza/wish-list5f8d.html]
[thewebmax.org/dronza/wish-list5663.html]
[thewebmax.org/dronza/wish-list28ac.html]
[thewebmax.org/dronza/wish-list26b8.html]
[thewebmax.org/dronza/wish-list.html]
[thewebmax.org/dronza/wish-list7f4c.html]
[thewebmax.org/dronza/blog-grida39b.html]
[thewebmax.org/dronza/blog-grid61e7.html]
[thewebmax.org/dronza/blog-gridcce5.html]
[thewebmax.org/dronza/blog-grid13f7.html]
[thewebmax.org/dronza/blog-grid19a6.html]
[thewebmax.org/dronza/blog-gridfe5c.html]
[thewebmax.org/dronza/blog-gridab47.html]
[thewebmax.org/dronza/blog-grid5f8d.html]
[thewebmax.org/dronza/blog-grid5663.html]
[thewebmax.org/dronza/blog-grid28ac.html]
[thewebmax.org/dronza/blog-grid26b8.html]
[thewebmax.org/dronza/blog-grid.html]
[thewebmax.org/dronza/blog-grid7f4c.html]
[thewebmax.org/dronza/images/blog/default/thum1.jpg]
[thewebmax.org/dronza/images/blog/default/thum2.jpg]
[thewebmax.org/dronza/images/blog/default/thum3.jpg]
[thewebmax.org/dronza/images/blog/default/thum4.jpg]
[thewebmax.org/dronza/images/blog/recent-blog/pic3.jpg]
[thewebmax.org/dronza/blog-list-sidebara39b.html]
[thewebmax.org/dronza/blog-list-sidebar61e7.html]
[thewebmax.org/dronza/blog-list-sidebarcce5.html]
[thewebmax.org/dronza/blog-list-sidebar13f7.html]
[thewebmax.org/dronza/blog-list-sidebar19a6.html]
[thewebmax.org/dronza/blog-list-sidebarfe5c.html]
[thewebmax.org/dronza/blog-list-sidebarab47.html]
[thewebmax.org/dronza/blog-list-sidebar5f8d.html]
[thewebmax.org/dronza/blog-list-sidebar5663.html]
[thewebmax.org/dronza/blog-list-sidebar28ac.html]
[thewebmax.org/dronza/blog-list-sidebar26b8.html]
[thewebmax.org/dronza/blog-list-sidebar.html]
[thewebmax.org/dronza/blog-list-sidebar7f4c.html]
[thewebmax.org/dronza/blog-post-right-sidebara39b.html]
[thewebmax.org/dronza/blog-post-right-sidebar61e7.html]
[thewebmax.org/dronza/blog-post-right-sidebarcce5.html]
[thewebmax.org/dronza/blog-post-right-sidebar13f7.html]
[thewebmax.org/dronza/blog-post-right-sidebar19a6.html]
[thewebmax.org/dronza/blog-post-right-sidebarfe5c.html]
[thewebmax.org/dronza/blog-post-right-sidebarab47.html]
[thewebmax.org/dronza/blog-post-right-sidebar5f8d.html]
[thewebmax.org/dronza/blog-post-right-sidebar5663.html]
[thewebmax.org/dronza/blog-post-right-sidebar28ac.html]
[thewebmax.org/dronza/blog-post-right-sidebar26b8.html]
[thewebmax.org/dronza/blog-post-right-sidebar7f4c.html]
[thewebmax.org/dronza/blog-post-right-sidebar.html]
[thewebmax.org/dronza/our-prices.html]
[thewebmax.org/dronza/js/jquery-2.2.0.min.js]
[thewebmax.org/dronza/js/popper.min.js]
[thewebmax.org/dronza/popper.js]
[thewebmax.org/dronza/js/bootstrap.min.js]
[thewebmax.org/dronza/js/bootstrap-select.min.js]
[thewebmax.org/dronza/js/magnific-popup.min.js]
[thewebmax.org/dronza/js/waypoints.min.js]
[thewebmax.org/dronza/js/counterup.min.js]
[thewebmax.org/dronza/js/waypoints-sticky.min.js]
[thewebmax.org/dronza/js/isotope.pkgd.min.js]
[thewebmax.org/dronza/js/owl.carousel.min.js]
[thewebmax.org/dronza/js/stellar.min.js]
[thewebmax.org/dronza/js/theia-sticky-sidebar.js]
[thewebmax.org/dronza/js/jquery.bootstrap-touchspin.js]
[thewebmax.org/dronza/js/custom.js]
[thewebmax.org/dronza/js/jquery.bgscroll.js]
[thewebmax.org/dronza/js/slick.js]
[thewebmax.org/dronza/js/jquery-ui.js]
[thewebmax.org/dronza/images/logo-1-light.png]
[thewebmax.org/dronza/images/logo-1-dark.png]
[thewebmax.org/dronza/images/about-drone/d-1-1.png]
[thewebmax.org/dronza/images/how-it-work/d-1-1.png]
[thewebmax.org/dronza/images/main-slider/slider3/d-1-1.png]
[thewebmax.org/dronza/images/main-slider/slider3/d-2-1.png]
[thewebmax.org/dronza/images/main-slider/slider3/d-3-1.png]
[thewebmax.org/dronza/images/d2-testimonial-1.png]
[thewebmax.org/dronza/images/main-slider/slider1/drone/d-1-1.png]
[thewebmax.org/dronza/images/main-slider/slider2/d-1-1.png]
[thewebmax.org/dronza/images/main-slider/slider2/d-3-1.png]
[thewebmax.org/dronza/images/logo-2-light.png]
[thewebmax.org/dronza/images/logo-2-dark.png]
[thewebmax.org/dronza/images/about-drone/d-1-2.png]
[thewebmax.org/dronza/images/how-it-work/d-1-2.png]
[thewebmax.org/dronza/images/d2-testimonial-2.png]
[thewebmax.org/dronza/images/main-slider/slider3/d-1-2.png]
[thewebmax.org/dronza/images/main-slider/slider3/d-2-2.png]
[thewebmax.org/dronza/images/main-slider/slider3/d-3-2.png]
[thewebmax.org/dronza/images/main-slider/slider1/drone/d-1-2.png]
[thewebmax.org/dronza/images/main-slider/slider2/d-1-2.png]
[thewebmax.org/dronza/images/main-slider/slider2/d-3-2.png]
[thewebmax.org/dronza/images/logo-3-light.png]
[thewebmax.org/dronza/images/logo-3-dark.png]
[thewebmax.org/dronza/images/about-drone/d-1-3.png]
[thewebmax.org/dronza/images/how-it-work/d-1-3.png]
[thewebmax.org/dronza/images/d2-testimonial-3.png]
[thewebmax.org/dronza/images/main-slider/slider3/d-1-3.png]
[thewebmax.org/dronza/images/main-slider/slider3/d-2-3.png]
[thewebmax.org/dronza/images/main-slider/slider3/d-3-3.png]
[thewebmax.org/dronza/images/main-slider/slider1/drone/d-1-3.png]
[thewebmax.org/dronza/images/main-slider/slider2/d-1-3.png]
[thewebmax.org/dronza/images/main-slider/slider2/d-3-3.png]
[thewebmax.org/dronza/images/logo-4-light.png]
[thewebmax.org/dronza/images/logo-4-dark.png]
[thewebmax.org/dronza/images/about-drone/d-1-4.png]
[thewebmax.org/dronza/images/how-it-work/d-1-4.png]
[thewebmax.org/dronza/images/d2-testimonial-4.png]
[thewebmax.org/dronza/images/main-slider/slider3/d-1-4.png]
[thewebmax.org/dronza/images/main-slider/slider3/d-2-4.png]
[thewebmax.org/dronza/images/main-slider/slider3/d-3-4.png]
[thewebmax.org/dronza/images/main-slider/slider1/drone/d-1-4.png]
[thewebmax.org/dronza/images/main-slider/slider2/d-1-4.png]
[thewebmax.org/dronza/images/main-slider/slider2/d-3-4.png]
[thewebmax.org/dronza/images/logo-5-light.png]
[thewebmax.org/dronza/images/logo-5-dark.png]
[thewebmax.org/dronza/images/about-drone/d-1-5.png]
[thewebmax.org/dronza/images/how-it-work/d-1-5.png]
[thewebmax.org/dronza/images/d2-testimonial-5.png]
[thewebmax.org/dronza/images/main-slider/slider3/d-1-5.png]
[thewebmax.org/dronza/images/main-slider/slider3/d-2-5.png]
[thewebmax.org/dronza/images/main-slider/slider3/d-3-5.png]
[thewebmax.org/dronza/images/main-slider/slider1/drone/d-1-5.png]
[thewebmax.org/dronza/images/main-slider/slider2/d-1-5.png]
[thewebmax.org/dronza/images/main-slider/slider2/d-3-5.png]
[thewebmax.org/dronza/images/logo-6-light.png]
[thewebmax.org/dronza/images/logo-6-dark.png]
[thewebmax.org/dronza/images/about-drone/d-1-6.png]
[thewebmax.org/dronza/images/how-it-work/d-1-6.png]
[thewebmax.org/dronza/images/d2-testimonial-6.png]
[thewebmax.org/dronza/images/main-slider/slider3/d-1-6.png]
[thewebmax.org/dronza/images/main-slider/slider3/d-2-6.png]
[thewebmax.org/dronza/images/main-slider/slider3/d-3-6.png]
[thewebmax.org/dronza/images/main-slider/slider1/drone/d-1-6.png]
[thewebmax.org/dronza/images/main-slider/slider2/d-1-6.png]
[thewebmax.org/dronza/images/main-slider/slider2/d-3-6.png]
[thewebmax.org/dronza/images/logo-7-light.png]
[thewebmax.org/dronza/images/logo-7-dark.png]
[thewebmax.org/dronza/images/about-drone/d-1-7.png]
[thewebmax.org/dronza/images/how-it-work/d-1-7.png]
[thewebmax.org/dronza/images/d2-testimonial-7.png]
[thewebmax.org/dronza/images/main-slider/slider3/d-1-7.png]
[thewebmax.org/dronza/images/main-slider/slider3/d-2-7.png]
[thewebmax.org/dronza/images/main-slider/slider3/d-3-7.png]
[thewebmax.org/dronza/images/main-slider/slider1/drone/d-1-7.png]
[thewebmax.org/dronza/images/main-slider/slider2/d-1-7.png]
[thewebmax.org/dronza/images/main-slider/slider2/d-3-7.png]
[thewebmax.org/dronza/images/logo-8-light.png]
[thewebmax.org/dronza/images/logo-8-dark.png]
[thewebmax.org/dronza/images/about-drone/d-1-8.png]
[thewebmax.org/dronza/images/how-it-work/d-1-8.png]
[thewebmax.org/dronza/images/d2-testimonial-8.png]
[thewebmax.org/dronza/images/main-slider/slider3/d-1-8.png]
[thewebmax.org/dronza/images/main-slider/slider3/d-2-8.png]
[thewebmax.org/dronza/images/main-slider/slider3/d-3-8.png]
[thewebmax.org/dronza/images/main-slider/slider1/drone/d-1-8.png]
[thewebmax.org/dronza/images/main-slider/slider2/d-1-8.png]
[thewebmax.org/dronza/images/main-slider/slider2/d-3-8.png]
[thewebmax.org/dronza/images/logo-9-light.png]
[thewebmax.org/dronza/images/logo-9-dark.png]
[thewebmax.org/dronza/images/about-drone/d-1-9.png]
[thewebmax.org/dronza/images/how-it-work/d-1-9.png]
[thewebmax.org/dronza/images/d2-testimonial-9.png]
[thewebmax.org/dronza/images/main-slider/slider3/d-1-9.png]
[thewebmax.org/dronza/images/main-slider/slider3/d-2-9.png]
[thewebmax.org/dronza/images/main-slider/slider3/d-3-9.png]
[thewebmax.org/dronza/images/main-slider/slider1/drone/d-1-9.png]
[thewebmax.org/dronza/images/main-slider/slider2/d-1-9.png]
[thewebmax.org/dronza/images/main-slider/slider2/d-3-9.png]
[thewebmax.org/dronza/images/logo-10-light.png]
[thewebmax.org/dronza/images/logo-10-dark.png]
[thewebmax.org/dronza/images/about-drone/d-1-10.png]
[thewebmax.org/dronza/images/how-it-work/d-1-10.png]
[thewebmax.org/dronza/images/d2-testimonial-10.png]
[thewebmax.org/dronza/images/main-slider/slider3/d-1-10.png]
[thewebmax.org/dronza/images/main-slider/slider3/d-2-10.png]
[thewebmax.org/dronza/images/main-slider/slider3/d-3-10.png]
[thewebmax.org/dronza/images/main-slider/slider1/drone/d-1-10.png]
[thewebmax.org/dronza/images/main-slider/slider2/d-1-10.png]
[thewebmax.org/dronza/images/main-slider/slider2/d-3-10.png]
[thewebmax.org/dronza/images/logo-11-light.png]
[thewebmax.org/dronza/images/logo-11-dark.png]
[thewebmax.org/dronza/images/about-drone/d-1-11.png]
[thewebmax.org/dronza/images/how-it-work/d-1-11.png]
[thewebmax.org/dronza/images/d2-testimonial-11.png]
[thewebmax.org/dronza/images/main-slider/slider3/d-1-11.png]
[thewebmax.org/dronza/images/main-slider/slider3/d-2-11.png]
[thewebmax.org/dronza/images/main-slider/slider3/d-3-11.png]
[thewebmax.org/dronza/images/main-slider/slider1/drone/d-1-11.png]
[thewebmax.org/dronza/images/main-slider/slider2/d-1-11.png]
[thewebmax.org/dronza/images/main-slider/slider2/d-3-11.png]
[thewebmax.org/dronza/images/logo-12-light.png]
[thewebmax.org/dronza/images/logo-12-dark.png]
[thewebmax.org/dronza/images/about-drone/d-1-12.png]
[thewebmax.org/dronza/images/how-it-work/d-1-12.png]
[thewebmax.org/dronza/images/d2-testimonial-12.png]
[thewebmax.org/dronza/images/main-slider/slider3/d-1-12.png]
[thewebmax.org/dronza/images/main-slider/slider3/d-2-12.png]
[thewebmax.org/dronza/images/main-slider/slider3/d-3-12.png]
[thewebmax.org/dronza/images/main-slider/slider1/drone/d-1-12.png]
[thewebmax.org/dronza/images/main-slider/slider2/d-1-12.png]
[thewebmax.org/dronza/images/main-slider/slider2/d-3-12.png]
[thewebmax.org/dronza/js/switcher.js]
[thewebmax.org/dronza/indexa39b.html]
[thewebmax.org/dronza/index61e7.html]
[thewebmax.org/dronza/indexcce5.html]
[thewebmax.org/dronza/index13f7.html]
[thewebmax.org/dronza/index19a6.html]
[thewebmax.org/dronza/indexfe5c.html]
[thewebmax.org/dronza/indexab47.html]
[thewebmax.org/dronza/index5f8d.html]
[thewebmax.org/dronza/index5663.html]
[thewebmax.org/dronza/index28ac.html]
[thewebmax.org/dronza/index26b8.html]
[thewebmax.org/dronza/index7f4c.html]
[thewebmax.org/dronza/TweenLite.js]
[thewebmax.org/TweenLite.js]
[thewebmax.org/dronza/plugins/revolution/revolution/js/jquery.themepunch.tools.min.js]
[thewebmax.org/dronza/Version/index.html]
[thewebmax.org/dronza/themepunch.revolution.min.js]
[thewebmax.org/dronza/jquery.themepunch.revolution.min.js]
[thewebmax.org/dronza/jquery.themepunch.revolution.js]
[thewebmax.org/dronza/images/transparent.png]
[thewebmax.org/dronza/assets/transparent.png]
[thewebmax.org/dronza/plugins/revolution/revolution/js/jquery.themepunch.revolution.min.js]
[thewebmax.org/dronza/plugins/revolution/revolution/js/extensions/revolution-plugin.js]
[thewebmax.org/dronza/js/rev-script-1.js]
[thewebmax.org/dronza/css/fontawesome/fonts/fontawesome-webfont3e6e.svg]
[thewebmax.org/dronza/css/owl.video.play.html]
[thewebmax.org/dronza/css/ajax-loader.html]
[thewebmax.org/dronza/css/fonts/slick.html]
[thewebmax.org/dronza/css/fonts/slickd41d.html]
[thewebmax.org/dronza/css/fonts/slick-2.html]
[thewebmax.org/dronza/css/fonts/slick-3.html]
[thewebmax.org/dronza/css/fonts/slick-4.html]
[player.vimeo.com/api/player.js]
[thewebmax.org/dronza/images/main-slider/slider1/slide1-2.jpg]
[thewebmax.org/dronza/css/skin/skin-2.css]
[thewebmax.org/dronza/images/main-slider/slider1/slide1-3.jpg]
[thewebmax.org/dronza/css/skin/skin-3.css]
[thewebmax.org/dronza/images/main-slider/slider1/slide1-4.jpg]
[thewebmax.org/dronza/css/skin/skin-4.css]
[thewebmax.org/dronza/images/main-slider/slider1/slide1-5.jpg]
[thewebmax.org/dronza/css/skin/skin-5.css]
[thewebmax.org/dronza/images/main-slider/slider1/slide1-6.jpg]
[thewebmax.org/dronza/css/skin/skin-6.css]
[thewebmax.org/dronza/images/main-slider/slider1/slide1-7.jpg]
[thewebmax.org/dronza/css/skin/skin-7.css]
[thewebmax.org/dronza/images/main-slider/slider1/slide1-8.jpg]
[thewebmax.org/dronza/css/skin/skin-8.css]
[thewebmax.org/dronza/images/main-slider/slider1/slide1-9.jpg]
[thewebmax.org/dronza/css/skin/skin-9.css]
[thewebmax.org/dronza/images/main-slider/slider1/slide1-10.jpg]
[thewebmax.org/dronza/css/skin/skin-10.css]
[thewebmax.org/dronza/images/main-slider/slider1/slide1-11.jpg]
[thewebmax.org/dronza/css/skin/skin-11.css]
[thewebmax.org/dronza/images/main-slider/slider1/slide1-12.jpg]
[thewebmax.org/dronza/css/skin/skin-12.css]
[thewebmax.org/dronza/fonts/Flaticon.svg]
[thewebmax.org/dronza/plugins/revolution/revolution/fonts/revicons/revicons90c6.svg]
[thewebmax.org/dronza/index-2a39b.html]
[thewebmax.org/dronza/index-261e7.html]
[thewebmax.org/dronza/index-2cce5.html]
[thewebmax.org/dronza/index-213f7.html]
[thewebmax.org/dronza/index-219a6.html]
[thewebmax.org/dronza/index-2fe5c.html]
[thewebmax.org/dronza/index-2ab47.html]
[thewebmax.org/dronza/index-25f8d.html]
[thewebmax.org/dronza/index-25663.html]
[thewebmax.org/dronza/index-228ac.html]
[thewebmax.org/dronza/index-226b8.html]
[thewebmax.org/dronza/index-27f4c.html]
[thewebmax.org/dronza/js/rev-script-3.js]
[thewebmax.org/dronza/index-3a39b.html]
[thewebmax.org/dronza/index-361e7.html]
[thewebmax.org/dronza/index-3cce5.html]
[thewebmax.org/dronza/index-313f7.html]
[thewebmax.org/dronza/index-319a6.html]
[thewebmax.org/dronza/index-3fe5c.html]
[thewebmax.org/dronza/index-3ab47.html]
[thewebmax.org/dronza/index-35f8d.html]
[thewebmax.org/dronza/index-35663.html]
[thewebmax.org/dronza/index-328ac.html]
[thewebmax.org/dronza/index-326b8.html]
[thewebmax.org/dronza/index-37f4c.html]
[thewebmax.org/dronza/js/rev-script-2.js]
[thewebmax.org/dronza/index-4a39b.html]
[thewebmax.org/dronza/index-461e7.html]
[thewebmax.org/dronza/index-4cce5.html]
[thewebmax.org/dronza/index-413f7.html]
[thewebmax.org/dronza/index-419a6.html]
[thewebmax.org/dronza/index-4fe5c.html]
[thewebmax.org/dronza/index-4ab47.html]
[thewebmax.org/dronza/index-45f8d.html]
[thewebmax.org/dronza/index-45663.html]
[thewebmax.org/dronza/index-428ac.html]
[thewebmax.org/dronza/index-426b8.html]
[thewebmax.org/dronza/index-47f4c.html]
[thewebmax.org/dronza/js/rev-script-4.js]
[thewebmax.org/dronza/about-1a39b.html]
[thewebmax.org/dronza/about-161e7.html]
[thewebmax.org/dronza/about-1cce5.html]
[thewebmax.org/dronza/about-113f7.html]
[thewebmax.org/dronza/about-119a6.html]
[thewebmax.org/dronza/about-1fe5c.html]
[thewebmax.org/dronza/about-1ab47.html]
[thewebmax.org/dronza/about-15f8d.html]
[thewebmax.org/dronza/about-15663.html]
[thewebmax.org/dronza/about-128ac.html]
[thewebmax.org/dronza/about-126b8.html]
[thewebmax.org/dronza/about-17f4c.html]
[thewebmax.org/dronza/about-2a39b.html]
[thewebmax.org/dronza/about-261e7.html]
[thewebmax.org/dronza/about-2cce5.html]
[thewebmax.org/dronza/about-213f7.html]
[thewebmax.org/dronza/about-219a6.html]
[thewebmax.org/dronza/about-2fe5c.html]
[thewebmax.org/dronza/about-2ab47.html]
[thewebmax.org/dronza/about-25f8d.html]
[thewebmax.org/dronza/about-25663.html]
[thewebmax.org/dronza/about-228ac.html]
[thewebmax.org/dronza/about-226b8.html]
[thewebmax.org/dronza/about-27f4c.html]
[thewebmax.org/dronza/images/background/bg-7.html]
[thewebmax.org/dronza/services-1a39b.html]
[thewebmax.org/dronza/services-161e7.html]
[thewebmax.org/dronza/services-1cce5.html]
[thewebmax.org/dronza/services-113f7.html]
[thewebmax.org/dronza/services-119a6.html]
[thewebmax.org/dronza/services-1fe5c.html]
[thewebmax.org/dronza/services-1ab47.html]
[thewebmax.org/dronza/services-15f8d.html]
[thewebmax.org/dronza/services-15663.html]
[thewebmax.org/dronza/services-128ac.html]
[thewebmax.org/dronza/services-126b8.html]
[thewebmax.org/dronza/services-17f4c.html]
[thewebmax.org/dronza/services-2a39b.html]
[thewebmax.org/dronza/services-261e7.html]
[thewebmax.org/dronza/services-2cce5.html]
[thewebmax.org/dronza/services-213f7.html]
[thewebmax.org/dronza/services-219a6.html]
[thewebmax.org/dronza/services-2fe5c.html]
[thewebmax.org/dronza/services-2ab47.html]
[thewebmax.org/dronza/services-25f8d.html]
[thewebmax.org/dronza/services-25663.html]
[thewebmax.org/dronza/services-228ac.html]
[thewebmax.org/dronza/services-226b8.html]
[thewebmax.org/dronza/services-27f4c.html]
[thewebmax.org/dronza/service-detaila39b.html]
[thewebmax.org/dronza/service-detail61e7.html]
[thewebmax.org/dronza/service-detailcce5.html]
[thewebmax.org/dronza/service-detail13f7.html]
[thewebmax.org/dronza/service-detail19a6.html]
[thewebmax.org/dronza/service-detailfe5c.html]
[thewebmax.org/dronza/service-detailab47.html]
[thewebmax.org/dronza/service-detail5f8d.html]
[thewebmax.org/dronza/service-detail5663.html]
[thewebmax.org/dronza/service-detail28ac.html]
[thewebmax.org/dronza/service-detail26b8.html]
[thewebmax.org/dronza/service-detail7f4c.html]
[thewebmax.org/dronza/gallery-grida39b.html]
[thewebmax.org/dronza/gallery-grid61e7.html]
[thewebmax.org/dronza/gallery-gridcce5.html]
[thewebmax.org/dronza/gallery-grid13f7.html]
[thewebmax.org/dronza/gallery-grid19a6.html]
[thewebmax.org/dronza/gallery-gridfe5c.html]
[thewebmax.org/dronza/gallery-gridab47.html]
[thewebmax.org/dronza/gallery-grid5f8d.html]
[thewebmax.org/dronza/gallery-grid5663.html]
[thewebmax.org/dronza/gallery-grid28ac.html]
[thewebmax.org/dronza/gallery-grid26b8.html]
[thewebmax.org/dronza/gallery-grid7f4c.html]
[thewebmax.org/dronza/gallery-masonrya39b.html]
[thewebmax.org/dronza/gallery-masonry61e7.html]
[thewebmax.org/dronza/gallery-masonrycce5.html]
[thewebmax.org/dronza/gallery-masonry13f7.html]
[thewebmax.org/dronza/gallery-masonry19a6.html]
[thewebmax.org/dronza/gallery-masonryfe5c.html]
[thewebmax.org/dronza/gallery-masonryab47.html]
[thewebmax.org/dronza/gallery-masonry5f8d.html]
[thewebmax.org/dronza/gallery-masonry5663.html]
[thewebmax.org/dronza/gallery-masonry28ac.html]
[thewebmax.org/dronza/gallery-masonry26b8.html]
[thewebmax.org/dronza/gallery-masonry7f4c.html]
[thewebmax.org/dronza/project-detail.html]
[thewebmax.org/dronza/gallery-carousela39b.html]
[thewebmax.org/dronza/gallery-carousel61e7.html]
[thewebmax.org/dronza/gallery-carouselcce5.html]
[thewebmax.org/dronza/gallery-carousel13f7.html]
[thewebmax.org/dronza/gallery-carousel19a6.html]
[thewebmax.org/dronza/gallery-carouselfe5c.html]
[thewebmax.org/dronza/gallery-carouselab47.html]
[thewebmax.org/dronza/gallery-carousel5f8d.html]
[thewebmax.org/dronza/gallery-carousel5663.html]
[thewebmax.org/dronza/gallery-carousel28ac.html]
[thewebmax.org/dronza/gallery-carousel26b8.html]
[thewebmax.org/dronza/gallery-carousel7f4c.html]
[thewebmax.org/dronza/gallery-detaila39b.html]
[thewebmax.org/dronza/gallery-detail61e7.html]
[thewebmax.org/dronza/gallery-detailcce5.html]
[thewebmax.org/dronza/gallery-detail13f7.html]
[thewebmax.org/dronza/gallery-detail19a6.html]
[thewebmax.org/dronza/gallery-detailfe5c.html]
[thewebmax.org/dronza/gallery-detailab47.html]
[thewebmax.org/dronza/gallery-detail5f8d.html]
[thewebmax.org/dronza/gallery-detail5663.html]
[thewebmax.org/dronza/gallery-detail28ac.html]
[thewebmax.org/dronza/gallery-detail26b8.html]
[thewebmax.org/dronza/gallery-detail7f4c.html]
[thewebmax.org/dronza/icon-fonta39b.html]
[thewebmax.org/dronza/icon-font61e7.html]
[thewebmax.org/dronza/icon-fontcce5.html]
[thewebmax.org/dronza/icon-font13f7.html]
[thewebmax.org/dronza/icon-font19a6.html]
[thewebmax.org/dronza/icon-fontfe5c.html]
[thewebmax.org/dronza/icon-fontab47.html]
[thewebmax.org/dronza/icon-font5f8d.html]
[thewebmax.org/dronza/icon-font5663.html]
[thewebmax.org/dronza/icon-font28ac.html]
[thewebmax.org/dronza/icon-font26b8.html]
[thewebmax.org/dronza/icon-font7f4c.html]
[thewebmax.org/dronza/images/background/bg-map2.html]
[thewebmax.org/dronza/images/background/bg-map.html]
[thewebmax.org/dronza/teama39b.html]
[thewebmax.org/dronza/team61e7.html]
[thewebmax.org/dronza/teamcce5.html]
[thewebmax.org/dronza/team13f7.html]
[thewebmax.org/dronza/team19a6.html]
[thewebmax.org/dronza/teamfe5c.html]
[thewebmax.org/dronza/teamab47.html]
[thewebmax.org/dronza/team5f8d.html]
[thewebmax.org/dronza/team5663.html]
[thewebmax.org/dronza/team28ac.html]
[thewebmax.org/dronza/team26b8.html]
[thewebmax.org/dronza/team7f4c.html]
[thewebmax.org/dronza/team-singlea39b.html]
[thewebmax.org/dronza/team-single61e7.html]
[thewebmax.org/dronza/team-singlecce5.html]
[thewebmax.org/dronza/team-single13f7.html]
[thewebmax.org/dronza/team-single19a6.html]
[thewebmax.org/dronza/team-singlefe5c.html]
[thewebmax.org/dronza/team-singleab47.html]
[thewebmax.org/dronza/team-single5f8d.html]
[thewebmax.org/dronza/team-single5663.html]
[thewebmax.org/dronza/team-single28ac.html]
[thewebmax.org/dronza/team-single26b8.html]
[thewebmax.org/dronza/team-single7f4c.html]
[thewebmax.org/dronza/Faqa39b.html]
[thewebmax.org/dronza/Faq61e7.html]
[thewebmax.org/dronza/Faqcce5.html]
[thewebmax.org/dronza/Faq13f7.html]
[thewebmax.org/dronza/Faq19a6.html]
[thewebmax.org/dronza/Faqfe5c.html]
[thewebmax.org/dronza/Faqab47.html]
[thewebmax.org/dronza/Faq5f8d.html]
[thewebmax.org/dronza/Faq5663.html]
[thewebmax.org/dronza/Faq28ac.html]
[thewebmax.org/dronza/Faq26b8.html]
[thewebmax.org/dronza/Faq7f4c.html]
[thewebmax.org/dronza/error-404a39b.html]
[thewebmax.org/dronza/error-40461e7.html]
[thewebmax.org/dronza/error-404cce5.html]
[thewebmax.org/dronza/error-40413f7.html]
[thewebmax.org/dronza/error-40419a6.html]
[thewebmax.org/dronza/error-404fe5c.html]
[thewebmax.org/dronza/error-404ab47.html]
[thewebmax.org/dronza/error-4045f8d.html]
[thewebmax.org/dronza/error-4045663.html]
[thewebmax.org/dronza/error-40428ac.html]
[thewebmax.org/dronza/error-40426b8.html]
[thewebmax.org/dronza/error-4047f4c.html]
[thewebmax.org/dronza/images/marker.png]
[thewebmax.org/dronza/js/map.script.js]
[thewebmax.org/dronza/contact-1a39b.html]
[thewebmax.org/dronza/contact-161e7.html]
[thewebmax.org/dronza/contact-1cce5.html]
[thewebmax.org/dronza/contact-113f7.html]
[thewebmax.org/dronza/contact-119a6.html]
[thewebmax.org/dronza/contact-1fe5c.html]
[thewebmax.org/dronza/contact-1ab47.html]
[thewebmax.org/dronza/contact-15f8d.html]
[thewebmax.org/dronza/contact-15663.html]
[thewebmax.org/dronza/contact-128ac.html]
[thewebmax.org/dronza/contact-126b8.html]
[thewebmax.org/dronza/contact-17f4c.html]
[thewebmax.org/dronza/producta39b.html]
[thewebmax.org/dronza/product61e7.html]
[thewebmax.org/dronza/productcce5.html]
[thewebmax.org/dronza/product13f7.html]
[thewebmax.org/dronza/product19a6.html]
[thewebmax.org/dronza/productfe5c.html]
[thewebmax.org/dronza/productab47.html]
[thewebmax.org/dronza/product5f8d.html]
[thewebmax.org/dronza/product5663.html]
[thewebmax.org/dronza/product28ac.html]
[thewebmax.org/dronza/product26b8.html]
[thewebmax.org/dronza/product7f4c.html]
[thewebmax.org/dronza/product-detaila39b.html]
[thewebmax.org/dronza/product-detail61e7.html]
[thewebmax.org/dronza/product-detailcce5.html]
[thewebmax.org/dronza/product-detail13f7.html]
[thewebmax.org/dronza/product-detail19a6.html]
[thewebmax.org/dronza/product-detailfe5c.html]
[thewebmax.org/dronza/product-detailab47.html]
[thewebmax.org/dronza/product-detail5f8d.html]
[thewebmax.org/dronza/product-detail5663.html]
[thewebmax.org/dronza/product-detail28ac.html]
[thewebmax.org/dronza/product-detail26b8.html]
[thewebmax.org/dronza/product-detail7f4c.html]
[thewebmax.org/dronza/shopping-carta39b.html]
[thewebmax.org/dronza/shopping-cart61e7.html]
[thewebmax.org/dronza/shopping-cartcce5.html]
[thewebmax.org/dronza/shopping-cart13f7.html]
[thewebmax.org/dronza/shopping-cart19a6.html]
[thewebmax.org/dronza/shopping-cartfe5c.html]
[thewebmax.org/dronza/shopping-cartab47.html]
[thewebmax.org/dronza/shopping-cart5f8d.html]
[thewebmax.org/dronza/shopping-cart5663.html]
[thewebmax.org/dronza/shopping-cart28ac.html]
[thewebmax.org/dronza/shopping-cart26b8.html]
[thewebmax.org/dronza/shopping-cart7f4c.html]
[thewebmax.org/dronza/checkouta39b.html]
[thewebmax.org/dronza/checkout61e7.html]
[thewebmax.org/dronza/checkoutcce5.html]
[thewebmax.org/dronza/checkout13f7.html]
[thewebmax.org/dronza/checkout19a6.html]
[thewebmax.org/dronza/checkoutfe5c.html]
[thewebmax.org/dronza/checkoutab47.html]
[thewebmax.org/dronza/checkout5f8d.html]
[thewebmax.org/dronza/checkout5663.html]
[thewebmax.org/dronza/checkout28ac.html]
[thewebmax.org/dronza/checkout26b8.html]
[thewebmax.org/dronza/checkout7f4c.html]
[thewebmax.org/dronza/wish-lista39b.html]
[thewebmax.org/dronza/wish-list61e7.html]
[thewebmax.org/dronza/wish-listcce5.html]
[thewebmax.org/dronza/wish-list13f7.html]
[thewebmax.org/dronza/wish-list19a6.html]
[thewebmax.org/dronza/wish-listfe5c.html]
[thewebmax.org/dronza/wish-listab47.html]
[thewebmax.org/dronza/wish-list5f8d.html]
[thewebmax.org/dronza/wish-list5663.html]
[thewebmax.org/dronza/wish-list28ac.html]
[thewebmax.org/dronza/wish-list26b8.html]
[thewebmax.org/dronza/wish-list7f4c.html]
[thewebmax.org/dronza/blog-grida39b.html]
[thewebmax.org/dronza/blog-grid61e7.html]
[thewebmax.org/dronza/blog-gridcce5.html]
[thewebmax.org/dronza/blog-grid13f7.html]
[thewebmax.org/dronza/blog-grid19a6.html]
[thewebmax.org/dronza/blog-gridfe5c.html]
[thewebmax.org/dronza/blog-gridab47.html]
[thewebmax.org/dronza/blog-grid5f8d.html]
[thewebmax.org/dronza/blog-grid5663.html]
[thewebmax.org/dronza/blog-grid28ac.html]
[thewebmax.org/dronza/blog-grid26b8.html]
[thewebmax.org/dronza/blog-grid7f4c.html]
[thewebmax.org/dronza/blog-list-sidebara39b.html]
[thewebmax.org/dronza/blog-list-sidebar61e7.html]
[thewebmax.org/dronza/blog-list-sidebarcce5.html]
[thewebmax.org/dronza/blog-list-sidebar13f7.html]
[thewebmax.org/dronza/blog-list-sidebar19a6.html]
[thewebmax.org/dronza/blog-list-sidebarfe5c.html]
[thewebmax.org/dronza/blog-list-sidebarab47.html]
[thewebmax.org/dronza/blog-list-sidebar5f8d.html]
[thewebmax.org/dronza/blog-list-sidebar5663.html]
[thewebmax.org/dronza/blog-list-sidebar28ac.html]
[thewebmax.org/dronza/blog-list-sidebar26b8.html]
[thewebmax.org/dronza/blog-list-sidebar7f4c.html]
[thewebmax.org/dronza/blog-post-right-sidebara39b.html]
[thewebmax.org/dronza/blog-post-right-sidebar61e7.html]
[thewebmax.org/dronza/blog-post-right-sidebarcce5.html]
[thewebmax.org/dronza/blog-post-right-sidebar13f7.html]
[thewebmax.org/dronza/blog-post-right-sidebar19a6.html]
[thewebmax.org/dronza/blog-post-right-sidebarfe5c.html]
[thewebmax.org/dronza/blog-post-right-sidebarab47.html]
[thewebmax.org/dronza/blog-post-right-sidebar5f8d.html]
[thewebmax.org/dronza/blog-post-right-sidebar5663.html]
[thewebmax.org/dronza/blog-post-right-sidebar28ac.html]
[thewebmax.org/dronza/blog-post-right-sidebar26b8.html]
[thewebmax.org/dronza/blog-post-right-sidebar7f4c.html]
[thewebmax.org/dronza/popper.html]
[thewebmax.org/dronza/TweenLite.html]
[thewebmax.org/TweenLite.html]
[thewebmax.org/dronza/Version/index.html]
[thewebmax.org/dronza/themepunch.revolution.min.html]
[thewebmax.org/dronza/jquery.themepunch.revolution.min.html]
[thewebmax.org/dronza/jquery.themepunch.revolution.html]
[thewebmax.org/dronza/images/transparent.html]
[thewebmax.org/dronza/assets/transparent.html]
